<?xml version="1.0" encoding="UTF-8"?>
<coverage generated="1725858400131" clover="3.2.0">
  <project timestamp="1725858400131" name="All files">
    <metrics statements="24" coveredstatements="24" conditionals="4" coveredconditionals="4" methods="0" coveredmethods="0" elements="28" coveredelements="28" complexity="0" loc="24" ncloc="24" packages="1" files="1" classes="1"/>
    <file name="app.ts" path="C:\Users\MAHDI-ABOALROB\Desktop\Automated Tests\src\server\app.ts">
      <metrics statements="24" coveredstatements="24" conditionals="4" coveredconditionals="4" methods="0" coveredmethods="0"/>
      <line num="1" count="1" type="stmt"/>
      <line num="2" count="1" type="stmt"/>
      <line num="4" count="1" type="stmt"/>
      <line num="6" count="1" type="cond" truecount="1" falsecount="0"/>
      <line num="7" count="2" type="cond" truecount="1" falsecount="0"/>
      <line num="8" count="2" type="stmt"/>
      <line num="9" count="2" type="stmt"/>
      <line num="11" count="1" type="cond" truecount="1" falsecount="0"/>
      <line num="12" count="2" type="stmt"/>
      <line num="13" count="2" type="stmt"/>
      <line num="14" count="2" type="stmt"/>
      <line num="15" count="2" type="stmt"/>
      <line num="17" count="2" type="stmt"/>
      <line num="18" count="2" type="stmt"/>
      <line num="19" count="2" type="stmt"/>
      <line num="20" count="2" type="stmt"/>
      <line num="21" count="2" type="stmt"/>
      <line num="22" count="2" type="stmt"/>
      <line num="23" count="2" type="stmt"/>
      <line num="25" count="1" type="stmt"/>
      <line num="27" count="1" type="cond" truecount="1" falsecount="0"/>
      <line num="28" count="1" type="stmt"/>
      <line num="29" count="1" type="stmt"/>
      <line num="31" count="1" type="stmt"/>
    </file>
  </project>
</coverage>
